#
# There is insufficient memory for the Java Runtime Environment to continue.
# Native memory allocation (mmap) failed to map 96468992 bytes for committing reserved memory.
# Possible reasons:
#   The system is out of physical RAM or swap space
#   In 32 bit mode, the process size limit was hit
# Possible solutions:
#   Reduce memory load on the system
#   Increase physical memory or swap space
#   Check if swap backing store is full
#   Use 64 bit Java on a 64 bit OS
#   Decrease Java heap size (-Xmx/-Xms)
#   Decrease number of Java threads
#   Decrease Java thread stack sizes (-Xss)
#   Set larger code cache with -XX:ReservedCodeCacheSize=
# This output file may be truncated or incomplete.
#
#  Out of Memory Error (os_linux.cpp:2640), pid=12631, tid=0x00007f48de2ea700
#
# JRE version: Java(TM) SE Runtime Environment (8.0_171-b11) (build 1.8.0_171-b11)
# Java VM: Java HotSpot(TM) 64-Bit Server VM (25.171-b11 mixed mode linux-amd64 compressed oops)
# Failed to write core dump. Core dumps have been disabled. To enable core dumping, try "ulimit -c unlimited" before starting Java again
#

---------------  T H R E A D  ---------------

Current thread (0x00007f48fc088800):  VMThread [stack: 0x00007f48de1eb000,0x00007f48de2eb000] [id=12647]

Stack: [0x00007f48de1eb000,0x00007f48de2eb000],  sp=0x00007f48de2e8f40,  free space=1015k
Native frames: (J=compiled Java code, j=interpreted, Vv=VM code, C=native code)
V  [libjvm.so+0xacfffa]  VMError::report_and_die()+0x2ba
V  [libjvm.so+0x5005cb]  report_vm_out_of_memory(char const*, int, unsigned long, VMErrorType, char const*)+0x8b
V  [libjvm.so+0x92dd93]  os::Linux::commit_memory_impl(char*, unsigned long, bool)+0x123
V  [libjvm.so+0x92dfb9]  os::pd_commit_memory(char*, unsigned long, unsigned long, bool)+0x29
V  [libjvm.so+0x92527a]  os::commit_memory(char*, unsigned long, unsigned long, bool)+0x2a
V  [libjvm.so+0x99b223]  PSVirtualSpace::expand_by(unsigned long)+0x53
V  [libjvm.so+0x99c628]  PSYoungGen::resize_generation(unsigned long, unsigned long)+0xf8
V  [libjvm.so+0x99b782]  PSYoungGen::resize(unsigned long, unsigned long)+0x22
V  [libjvm.so+0x998a5b]  PSScavenge::invoke_no_policy()+0xf3b
V  [libjvm.so+0x9991e1]  PSScavenge::invoke()+0x41
V  [libjvm.so+0x94fcb0]  ParallelScavengeHeap::failed_mem_allocate(unsigned long)+0x70
V  [libjvm.so+0xad1a77]  VM_ParallelGCFailedAllocation::doit()+0x97
V  [libjvm.so+0xad9595]  VM_Operation::evaluate()+0x55
V  [libjvm.so+0xad795a]  VMThread::evaluate_operation(VM_Operation*)+0xba
V  [libjvm.so+0xad7cde]  VMThread::loop()+0x1ce
V  [libjvm.so+0xad8150]  VMThread::run()+0x70
V  [libjvm.so+0x92e0f8]  java_start(Thread*)+0x108

VM_Operation (0x00007f4903e54c30): ParallelGCFailedAllocation, mode: safepoint, requested by thread 0x00007f48fc012000


---------------  P R O C E S S  ---------------

Java Threads: ( => current thread )
  0x00007f48fd0c4800 JavaThread "HikariPool-1 housekeeper" daemon [_thread_blocked, id=12667, stack(0x00007f48d61f3000,0x00007f48d62f4000)]
  0x00007f48fd04d000 JavaThread "Abandoned connection cleanup thread" daemon [_thread_blocked, id=12666, stack(0x00007f48d64f4000,0x00007f48d65f5000)]
  0x00007f48fd02a000 JavaThread "container-0" [_thread_blocked, id=12665, stack(0x00007f48d65f5000,0x00007f48d66f6000)]
  0x00007f48fd027000 JavaThread "ContainerBackgroundProcessor[StandardEngine[Tomcat]]" daemon [_thread_blocked, id=12664, stack(0x00007f48d66f6000,0x00007f48d67f7000)]
  0x00007f48fc50c800 JavaThread "ReaderThread" [_thread_in_native, id=12658, stack(0x00007f48dc940000,0x00007f48dca41000)]
  0x00007f48fc0dc000 JavaThread "Service Thread" daemon [_thread_blocked, id=12656, stack(0x00007f48dd013000,0x00007f48dd114000)]
  0x00007f48fc0d1000 JavaThread "C1 CompilerThread3" daemon [_thread_blocked, id=12655, stack(0x00007f48dd115000,0x00007f48dd215000)]
  0x00007f48fc0cf000 JavaThread "C2 CompilerThread2" daemon [_thread_blocked, id=12654, stack(0x00007f48dd216000,0x00007f48dd316000)]
  0x00007f48fc0cd000 JavaThread "C2 CompilerThread1" daemon [_thread_blocked, id=12653, stack(0x00007f48dd317000,0x00007f48dd417000)]
  0x00007f48fc0ca000 JavaThread "C2 CompilerThread0" daemon [_thread_blocked, id=12652, stack(0x00007f48dd418000,0x00007f48dd518000)]
  0x00007f48fc0c8800 JavaThread "Signal Dispatcher" daemon [_thread_blocked, id=12651, stack(0x00007f48dd518000,0x00007f48dd619000)]
  0x00007f48fc094800 JavaThread "Finalizer" daemon [_thread_blocked, id=12650, stack(0x00007f48ddfe8000,0x00007f48de0e9000)]
  0x00007f48fc090000 JavaThread "Reference Handler" daemon [_thread_blocked, id=12649, stack(0x00007f48de0e9000,0x00007f48de1ea000)]
  0x00007f48fc012000 JavaThread "main" [_thread_blocked, id=12638, stack(0x00007f4903d59000,0x00007f4903e59000)]

Other Threads:
=>0x00007f48fc088800 VMThread [stack: 0x00007f48de1eb000,0x00007f48de2eb000] [id=12647]
  0x00007f48fc0e1000 WatcherThread [stack: 0x00007f48dcf13000,0x00007f48dd013000] [id=12657]

VM state:at safepoint (normal execution)

VM Mutex/Monitor currently owned by a thread:  ([mutex/lock_event])
[0x00007f48fc00e7a0] Threads_lock - owner thread: 0x00007f48fc088800
[0x00007f48fc00eca0] Heap_lock - owner thread: 0x00007f48fc012000

Heap:
 PSYoungGen      total 238080K, used 15085K [0x00000000d7100000, 0x00000000e6980000, 0x0000000100000000)
  eden space 221696K, 0% used [0x00000000d7100000,0x00000000d7100000,0x00000000e4980000)
  from space 16384K, 92% used [0x00000000e4980000,0x00000000e583b778,0x00000000e5980000)
  to   space 13312K, 0% used [0x00000000e5b80000,0x00000000e5b80000,0x00000000e6880000)
 ParOldGen       total 75264K, used 19849K [0x0000000085200000, 0x0000000089b80000, 0x00000000d7100000)
  object space 75264K, 26% used [0x0000000085200000,0x00000000865626e8,0x0000000089b80000)
 Metaspace       used 41911K, capacity 43586K, committed 43944K, reserved 1087488K
  class space    used 5396K, capacity 5703K, committed 5808K, reserved 1048576K

Card table byte_map: [0x00007f4900652000,0x00007f4900a2a000] byte_map_base: 0x00007f4900229000

Marking Bits: (ParMarkBitMap*) 0x00007f49031f9280
 Begin Bits: [0x00007f48e4290000, 0x00007f48e6148000)
 End Bits:   [0x00007f48e6148000, 0x00007f48e8000000)

Polling page: 0x00007f4903e76000

CodeCache: size=245760Kb used=14543Kb max_used=15984Kb free=231216Kb
 bounds [0x00007f48ed000000, 0x00007f48edfb0000, 0x00007f48fc000000]
 total_blobs=4322 nmethods=3849 adapters=384
 compilation: enabled

Compilation events (10 events):
Event: 12,610 Thread 0x00007f48fc0ca000 nmethod 4192 0x00007f48ed13a550 code [0x00007f48ed13a720, 0x00007f48ed13b018]
Event: 12,610 Thread 0x00007f48fc0cf000 nmethod 4160 0x00007f48ed1b9390 code [0x00007f48ed1b9560, 0x00007f48ed1b9b18]
Event: 12,661 Thread 0x00007f48fc0cf000 4243       4       java.util.HashMap::<init> (11 bytes)
Event: 12,661 Thread 0x00007f48fc0ca000 4162       4       liquibase.sqlgenerator.SqlGeneratorFactory::getGenericSuperclass (46 bytes)
Event: 12,661 Thread 0x00007f48fc0d1000 4307       3       java.lang.reflect.Method::acquireMethodAccessor (44 bytes)
Event: 12,814 Thread 0x00007f48fc0d1000 nmethod 4307 0x00007f48ed2666d0 code [0x00007f48ed266880, 0x00007f48ed266eb8]
Event: 12,819 Thread 0x00007f48fc0ca000 nmethod 4162 0x00007f48ed2d7650 code [0x00007f48ed2d7820, 0x00007f48ed2d7dd8]
Event: 12,819 Thread 0x00007f48fc0cf000 nmethod 4243 0x00007f48ed157790 code [0x00007f48ed1578e0, 0x00007f48ed157938]
Event: 12,833 Thread 0x00007f48fc0ca000 4176       4       java.lang.String::codePointAt (36 bytes)
Event: 14,431 Thread 0x00007f48fc0cf000 4311       4       java.beans.MethodRef::set (58 bytes)

GC Heap History (10 events):
Event: 1,434 GC heap after
Heap after GC invocations=6 (full 0):
 PSYoungGen      total 134656K, used 5606K [0x00000000d7100000, 0x00000000dfe00000, 0x0000000100000000)
  eden space 126976K, 0% used [0x00000000d7100000,0x00000000d7100000,0x00000000ded00000)
  from space 7680K, 73% used [0x00000000df680000,0x00000000dfbf9a88,0x00000000dfe00000)
  to   space 8704K, 0% used [0x00000000ded00000,0x00000000ded00000,0x00000000df580000)
 ParOldGen       total 84992K, used 5095K [0x0000000085200000, 0x000000008a500000, 0x00000000d7100000)
  object space 84992K, 5% used [0x0000000085200000,0x00000000856f9cd8,0x000000008a500000)
 Metaspace       used 20713K, capacity 21142K, committed 21296K, reserved 1067008K
  class space    used 2697K, capacity 2827K, committed 2864K, reserved 1048576K
}
Event: 1,434 GC heap before
{Heap before GC invocations=7 (full 1):
 PSYoungGen      total 134656K, used 5606K [0x00000000d7100000, 0x00000000dfe00000, 0x0000000100000000)
  eden space 126976K, 0% used [0x00000000d7100000,0x00000000d7100000,0x00000000ded00000)
  from space 7680K, 73% used [0x00000000df680000,0x00000000dfbf9a88,0x00000000dfe00000)
  to   space 8704K, 0% used [0x00000000ded00000,0x00000000ded00000,0x00000000df580000)
 ParOldGen       total 84992K, used 5095K [0x0000000085200000, 0x000000008a500000, 0x00000000d7100000)
  object space 84992K, 5% used [0x0000000085200000,0x00000000856f9cd8,0x000000008a500000)
 Metaspace       used 20713K, capacity 21142K, committed 21296K, reserved 1067008K
  class space    used 2697K, capacity 2827K, committed 2864K, reserved 1048576K
Event: 1,459 GC heap after
Heap after GC invocations=7 (full 1):
 PSYoungGen      total 134656K, used 0K [0x00000000d7100000, 0x00000000dfe00000, 0x0000000100000000)
  eden space 126976K, 0% used [0x00000000d7100000,0x00000000d7100000,0x00000000ded00000)
  from space 7680K, 0% used [0x00000000df680000,0x00000000df680000,0x00000000dfe00000)
  to   space 8704K, 0% used [0x00000000ded00000,0x00000000ded00000,0x00000000df580000)
 ParOldGen       total 47104K, used 5921K [0x0000000085200000, 0x0000000088000000, 0x00000000d7100000)
  object space 47104K, 12% used [0x0000000085200000,0x00000000857c8430,0x0000000088000000)
 Metaspace       used 20713K, capacity 21142K, committed 21296K, reserved 1067008K
  class space    used 2697K, capacity 2827K, committed 2864K, reserved 1048576K
}
Event: 2,294 GC heap before
{Heap before GC invocations=8 (full 1):
 PSYoungGen      total 134656K, used 126976K [0x00000000d7100000, 0x00000000dfe00000, 0x0000000100000000)
  eden space 126976K, 100% used [0x00000000d7100000,0x00000000ded00000,0x00000000ded00000)
  from space 7680K, 0% used [0x00000000df680000,0x00000000df680000,0x00000000dfe00000)
  to   space 8704K, 0% used [0x00000000ded00000,0x00000000ded00000,0x00000000df580000)
 ParOldGen       total 47104K, used 5921K [0x0000000085200000, 0x0000000088000000, 0x00000000d7100000)
  object space 47104K, 12% used [0x0000000085200000,0x00000000857c8430,0x0000000088000000)
 Metaspace       used 29446K, capacity 30212K, committed 30512K, reserved 1075200K
  class space    used 3907K, capacity 4082K, committed 4144K, reserved 1048576K
Event: 2,311 GC heap after
Heap after GC invocations=8 (full 1):
 PSYoungGen      total 135680K, used 8695K [0x00000000d7100000, 0x00000000e6880000, 0x0000000100000000)
  eden space 126976K, 0% used [0x00000000d7100000,0x00000000d7100000,0x00000000ded00000)
  from space 8704K, 99% used [0x00000000ded00000,0x00000000df57df60,0x00000000df580000)
  to   space 13312K, 0% used [0x00000000e5b80000,0x00000000e5b80000,0x00000000e6880000)
 ParOldGen       total 47104K, used 12820K [0x0000000085200000, 0x0000000088000000, 0x00000000d7100000)
  object space 47104K, 27% used [0x0000000085200000,0x0000000085e852a8,0x0000000088000000)
 Metaspace       used 29446K, capacity 30212K, committed 30512K, reserved 1075200K
  class space    used 3907K, capacity 4082K, committed 4144K, reserved 1048576K
}
Event: 3,013 GC heap before
{Heap before GC invocations=9 (full 1):
 PSYoungGen      total 135680K, used 94029K [0x00000000d7100000, 0x00000000e6880000, 0x0000000100000000)
  eden space 126976K, 67% used [0x00000000d7100000,0x00000000dc455808,0x00000000ded00000)
  from space 8704K, 99% used [0x00000000ded00000,0x00000000df57df60,0x00000000df580000)
  to   space 13312K, 0% used [0x00000000e5b80000,0x00000000e5b80000,0x00000000e6880000)
 ParOldGen       total 47104K, used 12820K [0x0000000085200000, 0x0000000088000000, 0x00000000d7100000)
  object space 47104K, 27% used [0x0000000085200000,0x0000000085e852a8,0x0000000088000000)
 Metaspace       used 34124K, capacity 35234K, committed 35496K, reserved 1079296K
  class space    used 4541K, capacity 4765K, committed 4784K, reserved 1048576K
Event: 3,024 GC heap after
Heap after GC invocations=9 (full 1):
 PSYoungGen      total 235008K, used 13293K [0x00000000d7100000, 0x00000000e6980000, 0x0000000100000000)
  eden space 221696K, 0% used [0x00000000d7100000,0x00000000d7100000,0x00000000e4980000)
  from space 13312K, 99% used [0x00000000e5b80000,0x00000000e687b688,0x00000000e6880000)
  to   space 16384K, 0% used [0x00000000e4980000,0x00000000e4980000,0x00000000e5980000)
 ParOldGen       total 47104K, used 15017K [0x0000000085200000, 0x0000000088000000, 0x00000000d7100000)
  object space 47104K, 31% used [0x0000000085200000,0x00000000860aa5b8,0x0000000088000000)
 Metaspace       used 34124K, capacity 35234K, committed 35496K, reserved 1079296K
  class space    used 4541K, capacity 4765K, committed 4784K, reserved 1048576K
}
Event: 3,024 GC heap before
{Heap before GC invocations=10 (full 2):
 PSYoungGen      total 235008K, used 13293K [0x00000000d7100000, 0x00000000e6980000, 0x0000000100000000)
  eden space 221696K, 0% used [0x00000000d7100000,0x00000000d7100000,0x00000000e4980000)
  from space 13312K, 99% used [0x00000000e5b80000,0x00000000e687b688,0x00000000e6880000)
  to   space 16384K, 0% used [0x00000000e4980000,0x00000000e4980000,0x00000000e5980000)
 ParOldGen       total 47104K, used 15017K [0x0000000085200000, 0x0000000088000000, 0x00000000d7100000)
  object space 47104K, 31% used [0x0000000085200000,0x00000000860aa5b8,0x0000000088000000)
 Metaspace       used 34124K, capacity 35234K, committed 35496K, reserved 1079296K
  class space    used 4541K, capacity 4765K, committed 4784K, reserved 1048576K
Event: 3,064 GC heap after
Heap after GC invocations=10 (full 2):
 PSYoungGen      total 235008K, used 0K [0x00000000d7100000, 0x00000000e6980000, 0x0000000100000000)
  eden space 221696K, 0% used [0x00000000d7100000,0x00000000d7100000,0x00000000e4980000)
  from space 13312K, 0% used [0x00000000e5b80000,0x00000000e5b80000,0x00000000e6880000)
  to   space 16384K, 0% used [0x00000000e4980000,0x00000000e4980000,0x00000000e5980000)
 ParOldGen       total 75264K, used 19841K [0x0000000085200000, 0x0000000089b80000, 0x00000000d7100000)
  object space 75264K, 26% used [0x0000000085200000,0x00000000865606e8,0x0000000089b80000)
 Metaspace       used 34124K, capacity 35234K, committed 35496K, reserved 1079296K
  class space    used 4541K, capacity 4765K, committed 4784K, reserved 1048576K
}
Event: 14,669 GC heap before
{Heap before GC invocations=11 (full 2):
 PSYoungGen      total 235008K, used 221696K [0x00000000d7100000, 0x00000000e6980000, 0x0000000100000000)
  eden space 221696K, 100% used [0x00000000d7100000,0x00000000e4980000,0x00000000e4980000)
  from space 13312K, 0% used [0x00000000e5b80000,0x00000000e5b80000,0x00000000e6880000)
  to   space 16384K, 0% used [0x00000000e4980000,0x00000000e4980000,0x00000000e5980000)
 ParOldGen       total 75264K, used 19841K [0x0000000085200000, 0x0000000089b80000, 0x00000000d7100000)
  object space 75264K, 26% used [0x0000000085200000,0x00000000865606e8,0x0000000089b80000)
 Metaspace       used 41911K, capacity 43586K, committed 43944K, reserved 1087488K
  class space    used 5396K, capacity 5703K, committed 5808K, reserved 1048576K

Deoptimization events (10 events):
Event: 4,609 Thread 0x00007f48fc012000 Uncommon trap: reason=unstable_if action=reinterpret pc=0x00007f48ed6ed750 method=java.net.URL.<init>(Ljava/net/URL;Ljava/lang/String;Ljava/net/URLStreamHandler;)V @ 347
Event: 4,730 Thread 0x00007f48fc012000 Uncommon trap: reason=bimorphic action=maybe_recompile pc=0x00007f48ed96a91c method=java.util.regex.Matcher.match(II)Z @ 86
Event: 4,731 Thread 0x00007f48fc012000 Uncommon trap: reason=bimorphic action=maybe_recompile pc=0x00007f48ed96a91c method=java.util.regex.Matcher.match(II)Z @ 86
Event: 6,047 Thread 0x00007f48fc012000 Uncommon trap: reason=bimorphic action=maybe_recompile pc=0x00007f48ed96a91c method=java.util.regex.Matcher.match(II)Z @ 86
Event: 6,047 Thread 0x00007f48fc012000 Uncommon trap: reason=bimorphic action=maybe_recompile pc=0x00007f48ed96a91c method=java.util.regex.Matcher.match(II)Z @ 86
Event: 6,778 Thread 0x00007f48fc012000 Uncommon trap: reason=class_check action=maybe_recompile pc=0x00007f48edf159ac method=java.util.regex.Matcher.search(I)Z @ 86
Event: 8,812 Thread 0x00007f48fc012000 Uncommon trap: reason=class_check action=maybe_recompile pc=0x00007f48edf159ac method=java.util.regex.Matcher.search(I)Z @ 86
Event: 8,812 Thread 0x00007f48fc012000 Uncommon trap: reason=class_check action=maybe_recompile pc=0x00007f48edf159ac method=java.util.regex.Matcher.search(I)Z @ 86
Event: 8,812 Thread 0x00007f48fc012000 Uncommon trap: reason=class_check action=maybe_recompile pc=0x00007f48edf159ac method=java.util.regex.Matcher.search(I)Z @ 86
Event: 8,812 Thread 0x00007f48fc012000 Uncommon trap: reason=class_check action=maybe_recompile pc=0x00007f48ed4774f4 method=java.util.regex.Matcher.search(I)Z @ 86

Classes redefined (0 events):
No events

Internal exceptions (10 events):
Event: 8,807 Thread 0x00007f48fc012000 Exception <a 'java/lang/ClassNotFoundException': liquibase/change/core/AddDefaultValueChangeBeanInfo> (0x00000000e40618f0) thrown at [/HUDSON/workspace/8-2-build-linux-amd64/jdk8u171/10807/hotspot/src/share/vm/classfile/systemDictionary.cpp, line 210]
Event: 8,808 Thread 0x00007f48fc012000 Exception <a 'java/lang/ClassNotFoundException': liquibase/change/core/AddDefaultValueChangeCustomizer> (0x00000000e407e850) thrown at [/HUDSON/workspace/8-2-build-linux-amd64/jdk8u171/10807/hotspot/src/share/vm/classfile/systemDictionary.cpp, line 210]
Event: 8,879 Thread 0x00007f48fc012000 Exception <a 'java/lang/ClassNotFoundException': liquibase/change/core/SQLFileChangeBeanInfo> (0x00000000e45339a0) thrown at [/HUDSON/workspace/8-2-build-linux-amd64/jdk8u171/10807/hotspot/src/share/vm/classfile/systemDictionary.cpp, line 210]
Event: 8,879 Thread 0x00007f48fc012000 Exception <a 'java/lang/ClassNotFoundException': liquibase/change/AbstractSQLChangeBeanInfo> (0x00000000e454c520) thrown at [/HUDSON/workspace/8-2-build-linux-amd64/jdk8u171/10807/hotspot/src/share/vm/classfile/systemDictionary.cpp, line 210]
Event: 8,880 Thread 0x00007f48fc012000 Exception <a 'java/lang/ClassNotFoundException': liquibase/change/AbstractSQLChangeCustomizer> (0x00000000e4566178) thrown at [/HUDSON/workspace/8-2-build-linux-amd64/jdk8u171/10807/hotspot/src/share/vm/classfile/systemDictionary.cpp, line 210]
Event: 8,880 Thread 0x00007f48fc012000 Exception <a 'java/lang/ClassNotFoundException': liquibase/change/core/SQLFileChangeCustomizer> (0x00000000e4596158) thrown at [/HUDSON/workspace/8-2-build-linux-amd64/jdk8u171/10807/hotspot/src/share/vm/classfile/systemDictionary.cpp, line 210]
Event: 9,079 Thread 0x00007f48fc012000 Exception <a 'java/lang/ClassNotFoundException': liquibase/change/core/SetColumnRemarksChangeBeanInfo> (0x00000000e47df910) thrown at [/HUDSON/workspace/8-2-build-linux-amd64/jdk8u171/10807/hotspot/src/share/vm/classfile/systemDictionary.cpp, line 210]
Event: 9,080 Thread 0x00007f48fc012000 Exception <a 'java/lang/ClassNotFoundException': liquibase/change/core/SetColumnRemarksChangeCustomizer> (0x00000000e47fc898) thrown at [/HUDSON/workspace/8-2-build-linux-amd64/jdk8u171/10807/hotspot/src/share/vm/classfile/systemDictionary.cpp, line 210]
Event: 12,674 Thread 0x00007f48fc012000 Exception <a 'java/lang/ClassNotFoundException': liquibase/change/core/DropColumnChangeBeanInfo> (0x00000000e494fcb0) thrown at [/HUDSON/workspace/8-2-build-linux-amd64/jdk8u171/10807/hotspot/src/share/vm/classfile/systemDictionary.cpp, line 210]
Event: 13,938 Thread 0x00007f48fc012000 Exception <a 'java/lang/ClassNotFoundException': liquibase/change/core/DropColumnChangeCustomizer> (0x00000000e496b228) thrown at [/HUDSON/workspace/8-2-build-linux-amd64/jdk8u171/10807/hotspot/src/share/vm/classfile/systemDictionary.cpp, line 210]

Events (10 events):
Event: 12,835 Thread 0x00007f48fc0cf000 flushing nmethod 0x00007f48ed75a690
Event: 12,835 Thread 0x00007f48fc0cf000 flushing nmethod 0x00007f48ed75b490
Event: 12,835 Thread 0x00007f48fc0cf000 flushing nmethod 0x00007f48ed75c310
Event: 12,835 Thread 0x00007f48fc0cf000 flushing nmethod 0x00007f48ed75c7d0
Event: 12,835 Thread 0x00007f48fc0cf000 flushing nmethod 0x00007f48ed75d110
Event: 13,914 loading class liquibase/change/core/DropColumnChangeCustomizer
Event: 13,920 Thread 0x00007f48fd026000 Thread exited: 0x00007f48fd026000
Event: 13,920 Thread 0x00007f488401b800 Thread exited: 0x00007f488401b800
Event: 13,929 loading class liquibase/change/core/DropColumnChangeCustomizer done
Event: 14,508 Executing VM operation: ParallelGCFailedAllocation


Dynamic libraries:
00400000-00401000 r-xp 00000000 08:02 28054586                           /usr/lib/jvm/java-8-oracle/bin/java
00600000-00601000 rw-p 00000000 08:02 28054586                           /usr/lib/jvm/java-8-oracle/bin/java
01013000-01034000 rw-p 00000000 00:00 0                                  [heap]
85200000-89b80000 rw-p 00000000 00:00 0 
89b80000-d7100000 ---p 00000000 00:00 0 
d7100000-e6980000 rw-p 00000000 00:00 0 
ec580000-100000000 ---p 00000000 00:00 0 
100000000-1005ac000 rw-p 00000000 00:00 0 
1005ac000-140000000 ---p 00000000 00:00 0 
7f4868000000-7f4868021000 rw-p 00000000 00:00 0 
7f4868021000-7f486c000000 ---p 00000000 00:00 0 
7f4870000000-7f4870021000 rw-p 00000000 00:00 0 
7f4870021000-7f4874000000 ---p 00000000 00:00 0 
7f4874000000-7f4874021000 rw-p 00000000 00:00 0 
7f4874021000-7f4878000000 ---p 00000000 00:00 0 
7f4878000000-7f4878021000 rw-p 00000000 00:00 0 
7f4878021000-7f487c000000 ---p 00000000 00:00 0 
7f487c000000-7f487c021000 rw-p 00000000 00:00 0 
7f487c021000-7f4880000000 ---p 00000000 00:00 0 
7f4880000000-7f4880681000 rw-p 00000000 00:00 0 
7f4880681000-7f4884000000 ---p 00000000 00:00 0 
7f4884000000-7f4884036000 rw-p 00000000 00:00 0 
7f4884036000-7f4888000000 ---p 00000000 00:00 0 
7f4888000000-7f4888021000 rw-p 00000000 00:00 0 
7f4888021000-7f488c000000 ---p 00000000 00:00 0 
7f488c000000-7f488c021000 rw-p 00000000 00:00 0 
7f488c021000-7f4890000000 ---p 00000000 00:00 0 
7f4890000000-7f4890e77000 rw-p 00000000 00:00 0 
7f4890e77000-7f4894000000 ---p 00000000 00:00 0 
7f4894000000-7f4894021000 rw-p 00000000 00:00 0 
7f4894021000-7f4898000000 ---p 00000000 00:00 0 
7f4898000000-7f4898d9b000 rw-p 00000000 00:00 0 
7f4898d9b000-7f489c000000 ---p 00000000 00:00 0 
7f489c000000-7f489cd5a000 rw-p 00000000 00:00 0 
7f489cd5a000-7f48a0000000 ---p 00000000 00:00 0 
7f48a0000000-7f48a0021000 rw-p 00000000 00:00 0 
7f48a0021000-7f48a4000000 ---p 00000000 00:00 0 
7f48a4000000-7f48a512d000 rw-p 00000000 00:00 0 
7f48a512d000-7f48a8000000 ---p 00000000 00:00 0 
7f48a8000000-7f48a8021000 rw-p 00000000 00:00 0 
7f48a8021000-7f48ac000000 ---p 00000000 00:00 0 
7f48ac000000-7f48ac021000 rw-p 00000000 00:00 0 
7f48ac021000-7f48b0000000 ---p 00000000 00:00 0 
7f48b0000000-7f48b0021000 rw-p 00000000 00:00 0 
7f48b0021000-7f48b4000000 ---p 00000000 00:00 0 
7f48b4000000-7f48b4291000 rw-p 00000000 00:00 0 
7f48b4291000-7f48b8000000 ---p 00000000 00:00 0 
7f48b8000000-7f48b8021000 rw-p 00000000 00:00 0 
7f48b8021000-7f48bc000000 ---p 00000000 00:00 0 
7f48c0000000-7f48c0021000 rw-p 00000000 00:00 0 
7f48c0021000-7f48c4000000 ---p 00000000 00:00 0 
7f48c8000000-7f48c8021000 rw-p 00000000 00:00 0 
7f48c8021000-7f48cc000000 ---p 00000000 00:00 0 
7f48d0000000-7f48d0021000 rw-p 00000000 00:00 0 
7f48d0021000-7f48d4000000 ---p 00000000 00:00 0 
7f48d58cd000-7f48d58e4000 r-xp 00000000 08:02 25826022                   /lib/x86_64-linux-gnu/libresolv-2.27.so
7f48d58e4000-7f48d5ae4000 ---p 00017000 08:02 25826022                   /lib/x86_64-linux-gnu/libresolv-2.27.so
7f48d5ae4000-7f48d5ae5000 r--p 00017000 08:02 25826022                   /lib/x86_64-linux-gnu/libresolv-2.27.so
7f48d5ae5000-7f48d5ae6000 rw-p 00018000 08:02 25826022                   /lib/x86_64-linux-gnu/libresolv-2.27.so
7f48d5ae6000-7f48d5ae8000 rw-p 00000000 00:00 0 
7f48d5ae8000-7f48d5aed000 r-xp 00000000 08:02 25825971                   /lib/x86_64-linux-gnu/libnss_dns-2.27.so
7f48d5aed000-7f48d5ced000 ---p 00005000 08:02 25825971                   /lib/x86_64-linux-gnu/libnss_dns-2.27.so
7f48d5ced000-7f48d5cee000 r--p 00005000 08:02 25825971                   /lib/x86_64-linux-gnu/libnss_dns-2.27.so
7f48d5cee000-7f48d5cef000 rw-p 00006000 08:02 25825971                   /lib/x86_64-linux-gnu/libnss_dns-2.27.so
7f48d5cef000-7f48d5cf1000 r-xp 00000000 08:02 25825979                   /lib/x86_64-linux-gnu/libnss_mdns4_minimal.so.2
7f48d5cf1000-7f48d5ef0000 ---p 00002000 08:02 25825979                   /lib/x86_64-linux-gnu/libnss_mdns4_minimal.so.2
7f48d5ef0000-7f48d5ef1000 r--p 00001000 08:02 25825979                   /lib/x86_64-linux-gnu/libnss_mdns4_minimal.so.2
7f48d5ef1000-7f48d5ef2000 rw-p 00002000 08:02 25825979                   /lib/x86_64-linux-gnu/libnss_mdns4_minimal.so.2
7f48d5ef2000-7f48d6032000 rw-p 00000000 00:00 0 
7f48d6032000-7f48d60f5000 ---p 00000000 00:00 0 
7f48d60f5000-7f48d61f3000 rw-p 00000000 00:00 0 
7f48d61f3000-7f48d61f6000 ---p 00000000 00:00 0 
7f48d61f6000-7f48d64f4000 rw-p 00000000 00:00 0 
7f48d64f4000-7f48d64f7000 ---p 00000000 00:00 0 
7f48d64f7000-7f48d65f5000 rw-p 00000000 00:00 0 
7f48d65f5000-7f48d65f8000 ---p 00000000 00:00 0 
7f48d65f8000-7f48d66f6000 rw-p 00000000 00:00 0 
7f48d66f6000-7f48d66f9000 ---p 00000000 00:00 0 
7f48d66f9000-7f48d69f7000 rw-p 00000000 00:00 0 
7f48d69f7000-7f48d6bf7000 rw-p 00000000 00:00 0 
7f48d6bf7000-7f48d6df5000 rw-p 00000000 00:00 0 
7f48d6df5000-7f48d6df7000 ---p 00000000 00:00 0 
7f48d6df7000-7f48d6ff7000 rw-p 00000000 00:00 0 
7f48d6ff7000-7f48d71f7000 rw-p 00000000 00:00 0 
7f48d71f7000-7f48d73f7000 rw-p 00000000 00:00 0 
7f48d73f7000-7f48d75f7000 rw-p 00000000 00:00 0 
7f48d75f7000-7f48d7600000 r-xp 00000000 08:02 28054534                   /usr/lib/jvm/java-8-oracle/jre/lib/amd64/libmanagement.so
7f48d7600000-7f48d77ff000 ---p 00009000 08:02 28054534                   /usr/lib/jvm/java-8-oracle/jre/lib/amd64/libmanagement.so
7f48d77ff000-7f48d7800000 rw-p 00008000 08:02 28054534                   /usr/lib/jvm/java-8-oracle/jre/lib/amd64/libmanagement.so
7f48d7800000-7f48d7a00000 rw-p 00000000 00:00 0 
7f48d7a00000-7f48d7c00000 rw-p 00000000 00:00 0 
7f48d7c00000-7f48d7e00000 rw-p 00000000 00:00 0 
7f48d7e00000-7f48d8000000 rw-p 00000000 00:00 0 
7f48d8000000-7f48d8021000 rw-p 00000000 00:00 0 
7f48d8021000-7f48dc000000 ---p 00000000 00:00 0 
7f48dc084000-7f48dc087000 ---p 00000000 00:00 0 
7f48dc087000-7f48dc185000 rw-p 00000000 00:00 0 
7f48dc185000-7f48dc18a000 r--s 002f9000 08:02 27656919                   /usr/lib/jvm/java-8-oracle/jre/lib/charsets.jar
7f48dc18a000-7f48dc18f000 r--s 0009d000 08:02 27656926                   /usr/lib/jvm/java-8-oracle/jre/lib/jsse.jar
7f48dc18f000-7f48dc224000 r--s 0110b000 08:02 27789139                   /usr/lib/jvm/java-8-oracle/jre/lib/ext/jfxrt.jar
7f48dc224000-7f48dc227000 ---p 00000000 00:00 0 
7f48dc227000-7f48dc525000 rw-p 00000000 00:00 0 
7f48dc525000-7f48dc725000 rw-p 00000000 00:00 0 
7f48dc725000-7f48dc736000 r-xp 00000000 08:02 28054529                   /usr/lib/jvm/java-8-oracle/jre/lib/amd64/libnio.so
7f48dc736000-7f48dc935000 ---p 00011000 08:02 28054529                   /usr/lib/jvm/java-8-oracle/jre/lib/amd64/libnio.so
7f48dc935000-7f48dc936000 rw-p 00010000 08:02 28054529                   /usr/lib/jvm/java-8-oracle/jre/lib/amd64/libnio.so
7f48dc936000-7f48dc940000 r--s 00116000 08:02 27789145                   /usr/lib/jvm/java-8-oracle/jre/lib/ext/localedata.jar
7f48dc940000-7f48dc943000 ---p 00000000 00:00 0 
7f48dc943000-7f48dca72000 rw-p 00000000 00:00 0 
7f48dca72000-7f48dca88000 r-xp 00000000 08:02 28054526                   /usr/lib/jvm/java-8-oracle/jre/lib/amd64/libnet.so
7f48dca88000-7f48dcc88000 ---p 00016000 08:02 28054526                   /usr/lib/jvm/java-8-oracle/jre/lib/amd64/libnet.so
7f48dcc88000-7f48dcc89000 rw-p 00016000 08:02 28054526                   /usr/lib/jvm/java-8-oracle/jre/lib/amd64/libnet.so
7f48dcc89000-7f48dcc8b000 r--s 0000c000 08:02 28579893                   /home/gustavo/.gradle/caches/modules-2/files-2.1/org.ow2.asm/asm/5.0.4/da08b8cce7bbf903602a25a3a163ae252435795/asm-5.0.4.jar
7f48dcc8b000-7f48dcc8d000 r--s 00006000 08:02 28579894                   /home/gustavo/.gradle/caches/modules-2/files-2.1/net.minidev/accessors-smart/1.2/c592b500269bfde36096641b01238a8350f8aa31/accessors-smart-1.2.jar
7f48dcc8d000-7f48dcc8e000 r--s 00004000 08:02 28579892                   /home/gustavo/.gradle/caches/modules-2/files-2.1/com.vaadin.external.google/android-json/0.0.20131108.vaadin1/fa26d351fe62a6a17f5cda1287c1c6110dec413f/android-json-0.0.20131108.vaadin1.jar
7f48dcc8e000-7f48dcc90000 r--s 0000c000 08:02 28579891                   /home/gustavo/.gradle/caches/modules-2/files-2.1/org.objenesis/objenesis/2.6/639033469776fd37c08358c6b92a4761feb2af4b/objenesis-2.6.jar
7f48dcc90000-7f48dcc92000 r--s 00009000 08:02 28579890                   /home/gustavo/.gradle/caches/modules-2/files-2.1/net.bytebuddy/byte-buddy-agent/1.7.11/b425a8933ca07edd03c6dbc8bc3b595fba9780de/byte-buddy-agent-1.7.11.jar
7f48dcc92000-7f48dccce000 r--s 00290000 08:02 28579889                   /home/gustavo/.gradle/caches/modules-2/files-2.1/net.bytebuddy/byte-buddy/1.7.11/f02857a4e2c66ccbe7aaad6100a0a6c461bce9b3/byte-buddy-1.7.11.jar
7f48dccce000-7f48dccd1000 r--s 0001b000 08:02 28579888                   /home/gustavo/.gradle/caches/modules-2/files-2.1/net.minidev/json-smart/2.3/7396407491352ce4fa30de92efb158adb76b5b/json-smart-2.3.jar
7f48dccd1000-7f48dccd6000 r--s 00022000 08:02 28579885                   /home/gustavo/.gradle/caches/modules-2/files-2.1/org.xmlunit/xmlunit-core/2.5.1/4ffdb346572a7356f7521cd3119ce5287d2e339d/xmlunit-core-2.5.1.jar
7f48dccd6000-7f48dccd8000 r--s 00006000 08:02 28579886                   /home/gustavo/.gradle/caches/modules-2/files-2.1/org.skyscreamer/jsonassert/1.5.0/6c9d5fe2f59da598d9aefc1cfc6528ff3cf32df3/jsonassert-1.5.0.jar
7f48dccd8000-7f48dccda000 r--s 00009000 08:02 28579887                   /home/gustavo/.gradle/caches/modules-2/files-2.1/org.hamcrest/hamcrest-core/1.3/42a25dc3219429f0e5d060061f71acb49bf010a0/hamcrest-core-1.3.jar
7f48dccda000-7f48dccea000 r--s 00075000 08:02 28579895                   /home/gustavo/.gradle/caches/modules-2/files-2.1/org.mockito/mockito-core/2.15.0/b84bfbbc29cd22c9529409627af6ea2897f4fa85/mockito-core-2.15.0.jar
7f48dccea000-7f48dcd3f000 r--s 00367000 08:02 28579883                   /home/gustavo/.gradle/caches/modules-2/files-2.1/org.assertj/assertj-core/3.9.1/c5ce126b15f28d56cd8f960c1a6a058b9c9aea87/assertj-core-3.9.1.jar
7f48dcd3f000-7f48dcd47000 r--s 00045000 08:02 28579880                   /home/gustavo/.gradle/caches/modules-2/files-2.1/junit/junit/4.12/2973d150c0dc1fefe998f834810d68f278ea58ec/junit-4.12.jar
7f48dcd47000-7f48dcd4d000 r--s 00031000 08:02 28579879                   /home/gustavo/.gradle/caches/modules-2/files-2.1/com.jayway.jsonpath/json-path/2.4.0/765a4401ceb2dc8d40553c2075eb80a8fa35c2ae/json-path-2.4.0.jar
7f48dcd4d000-7f48dcd5a000 r--s 00087000 08:02 28579882                   /home/gustavo/.gradle/caches/modules-2/files-2.1/org.springframework/spring-test/5.0.6.RELEASE/dbc99b288774b2e07d94bc14fe38d556bc3ed34a/spring-test-5.0.6.RELEASE.jar
7f48dcd5a000-7f48dcd5f000 r--s 0002b000 08:02 28579881                   /home/gustavo/.gradle/caches/modules-2/files-2.1/org.springframework.boot/spring-boot-test/2.0.2.RELEASE/fc85812e6543312a3b0ea9fbbdfd4a51183380a3/spring-boot-test-2.0.2.RELEASE.jar
7f48dcd5f000-7f48dcd66000 r--s 00020000 08:02 28579878                   /home/gustavo/.gradle/caches/modules-2/files-2.1/org.springframework.boot/spring-boot-test-autoconfigure/2.0.2.RELEASE/4993bdd96a4c02bc5b5703862d99ef4c563f25d0/spring-boot-test-autoconfigure-2.0.2.RELEASE.jar
7f48dcd66000-7f48dcd76000 r--s 001c7000 08:02 28579876                   /home/gustavo/.gradle/caches/modules-2/files-2.1/com.h2database/h2/1.4.197/bb391050048ca8ae3e32451b5a3714ecd3596a46/h2-1.4.197.jar
7f48dcd76000-7f48dcd80000 r--s 000ec000 08:02 28579799                   /home/gustavo/.gradle/caches/modules-2/files-2.1/mysql/mysql-connector-java/5.1.46/9a3e63b387e376364211e96827bc27db8d7a92e9/mysql-connector-java-5.1.46.jar
7f48dcd80000-7f48dcd86000 r--s 0002d000 08:02 28579797                   /home/gustavo/.gradle/caches/modules-2/files-2.1/org.springframework.boot/spring-boot-devtools/2.0.2.RELEASE/ed2b1c877b0c00ef7f961bd118e420a49de3c970/spring-boot-devtools-2.0.2.RELEASE.jar
7f48dcd86000-7f48dcd88000 r--s 00002000 08:02 28579843                   /home/gustavo/.gradle/caches/modules-2/files-2.1/org.atteo/evo-inflector/1.2.2/2551aad98d65ac5464d81fe05f0e1516cfe471c9/evo-inflector-1.2.2.jar
7f48dcd88000-7f48dcd8e000 r--s 00039000 08:02 28579844                   /home/gustavo/.gradle/caches/modules-2/files-2.1/org.apache.logging.log4j/log4j-api/2.10.0/fec5797a55b786184a537abd39c3fa1449d752d6/log4j-api-2.10.0.jar
7f48dcd8e000-7f48dcd99000 r--s 00069000 08:02 28579842                   /home/gustavo/.gradle/caches/modules-2/files-2.1/ch.qos.logback/logback-core/1.2.3/864344400c3d4d92dfeb0a305dc87d953677c03c/logback-core-1.2.3.jar
7f48dcd99000-7f48dcd9c000 r--s 0000e000 08:02 28579841                   /home/gustavo/.gradle/caches/modules-2/files-2.1/com.fasterxml.jackson.core/jackson-annotations/2.9.0/7c10d545325e3a6e72e06381afe469fd40eb701/jackson-annotations-2.9.0.jar
7f48dcd9c000-7f48dcda1000 r--s 00012000 08:02 28579840                   /home/gustavo/.gradle/caches/modules-2/files-2.1/javax.validation/validation-api/2.0.1.Final/cb855558e6271b1b32e716d24cb85c7f583ce09e/validation-api-2.0.1.Final.jar
7f48dcda1000-7f48dcda5000 r--s 00037000 08:02 28579838                   /home/gustavo/.gradle/caches/modules-2/files-2.1/org.apache.tomcat.embed/tomcat-embed-el/8.5.31/3a536e1ac71b82627c3a7408eb38fa0704cb9034/tomcat-embed-el-8.5.31.jar
7f48dcda5000-7f48dcdce000 r--s 002d0000 08:02 28579839                   /home/gustavo/.gradle/caches/modules-2/files-2.1/org.apache.tomcat.embed/tomcat-embed-core/8.5.31/f5adf7ed8c34aa005b22b6a2dc7b6796e10e9c79/tomcat-embed-core-8.5.31.jar
7f48dcdce000-7f48dcdd3000 r--s 0003a000 08:02 28579837                   /home/gustavo/.gradle/caches/modules-2/files-2.1/org.apache.tomcat.embed/tomcat-embed-websocket/8.5.31/6564e716b89de5eaa0dd234ae7989576503ddf3/tomcat-embed-websocket-8.5.31.jar
7f48dcdd3000-7f48dcdd5000 r--s 00009000 08:02 28579836                   /home/gustavo/.gradle/caches/modules-2/files-2.1/org.slf4j/slf4j-api/1.7.25/da76ca59f6a57ee3102f8f9bd9cee742973efa8a/slf4j-api-1.7.25.jar
7f48dcdd5000-7f48dcdda000 r--s 00048000 08:02 28579835                   /home/gustavo/.gradle/caches/modules-2/files-2.1/dom4j/dom4j/1.6.1/5d3ccc056b6f056dbf0dddfdf43894b9065a8f94/dom4j-1.6.1.jar
7f48dcdda000-7f48dcddc000 r--s 0000e000 08:02 28579834                   /home/gustavo/.gradle/caches/modules-2/files-2.1/com.fasterxml/classmate/1.3.4/3d5f48f10bbe4eb7bd862f10c0583be2e0053c6/classmate-1.3.4.jar
7f48dcddc000-7f48dcddf000 r--s 0002b000 08:02 28579833                   /home/gustavo/.gradle/caches/modules-2/files-2.1/org.jboss/jandex/2.0.3.Final/bfc4d6257dbff7a33a357f0de116be6ff951d849/jandex-2.0.3.Final.jar
7f48dcddf000-7f48dcde4000 r--s 00068000 08:02 28579832                   /home/gustavo/.gradle/caches/modules-2/files-2.1/antlr/antlr/2.7.7/83cd2cd674a217ade95a4bb83a8a14f351f48bd0/antlr-2.7.7.jar
7f48dcde4000-7f48dcdee000 r--s 000ab000 08:02 28579831                   /home/gustavo/.gradle/caches/modules-2/files-2.1/org.javassist/javassist/3.22.0-GA/3e83394258ae2089be7219b971ec21a8288528ad/javassist-3.22.0-GA.jar
7f48dcdee000-7f48dcdf3000 r--s 00017000 08:02 28579830                   /home/gustavo/.gradle/caches/modules-2/files-2.1/org.hibernate.javax.persistence/hibernate-jpa-2.1-api/1.0.0.Final/5e731d961297e5a07290bfaf3db1fbc8bbbf405a/hibernate-jpa-2.1-api-1.0.0.Final.jar
7f48dcdf3000-7f48dcdf5000 r--s 0000f000 08:02 28579829                   /home/gustavo/.gradle/caches/modules-2/files-2.1/org.jboss.logging/jboss-logging/3.3.2.Final/3789d00e859632e6c6206adc0c71625559e6e3b0/jboss-logging-3.3.2.Final.jar
7f48dcdf5000-7f48dcdf8000 r--s 00010000 08:02 28579828                   /home/gustavo/.gradle/caches/modules-2/files-2.1/org.hibernate.common/hibernate-commons-annotations/5.0.1.Final/71e1cff3fcb20d3b3af4f3363c3ddb24d33c6879/hibernate-commons-annotations-5.0.1.Final.jar
7f48dcdf8000-7f48dcdfc000 r--s 00020000 08:02 28579827                   /home/gustavo/.gradle/caches/modules-2/files-2.1/com.zaxxer/HikariCP/2.7.9/a83113d2c091d0d0f853dad3217bd7df3beb6ae3/HikariCP-2.7.9.jar
7f48dcdfc000-7f48dce15000 r--s 001bf000 08:02 28579826                   /home/gustavo/.gradle/caches/modules-2/files-2.1/org.aspectj/aspectjweaver/1.8.13/ad94df2a28d658a40dc27bbaff6a1ce5fbf04e9b/aspectjweaver-1.8.13.jar
7f48dce15000-7f48dce17000 r--s 00004000 08:02 28579655                   /home/gustavo/.gradle/caches/modules-2/files-2.1/org.springframework/spring-jcl/5.0.6.RELEASE/295ee4e8657e9c1fd327735c01d5fbce339cc44d/spring-jcl-5.0.6.RELEASE.jar
7f48dce17000-7f48dce19000 r--s 00000000 08:02 28579825                   /home/gustavo/.gradle/caches/modules-2/files-2.1/org.slf4j/jul-to-slf4j/1.7.25/af5364cd6679bfffb114f0dec8a157aaa283b76/jul-to-slf4j-1.7.25.jar
7f48dce19000-7f48dce1f000 r--s 00041000 08:02 28579823                   /home/gustavo/.gradle/caches/modules-2/files-2.1/ch.qos.logback/logback-classic/1.2.3/7c4f3c474fb2c041d8028740440937705ebb473a/logback-classic-1.2.3.jar
7f48dce1f000-7f48dce3c000 r--s 000f8000 08:02 28579822                   /home/gustavo/.gradle/caches/modules-2/files-2.1/org.hibernate.validator/hibernate-validator/6.0.9.Final/b149e4cce82379f11f6129eb3187ca8ae5404005/hibernate-validator-6.0.9.Final.jar
7f48dce3c000-7f48dceba000 r--s 005f0000 08:02 28579819                   /home/gustavo/.gradle/caches/modules-2/files-2.1/org.hibernate/hibernate-core/5.2.17.Final/f2dc36470e7a2ffcf6106bb1625ecf5b54bb5f65/hibernate-core-5.2.17.Final.jar
7f48dceba000-7f48dcec1000 r--s 00042000 08:02 28579818                   /home/gustavo/.gradle/caches/modules-2/files-2.1/org.yaml/snakeyaml/1.19/2d998d3d674b172a588e54ab619854d073f555b5/snakeyaml-1.19.jar
7f48dcec1000-7f48dced9000 r--s 00114000 08:02 28579653                   /home/gustavo/.gradle/caches/modules-2/files-2.1/org.springframework/spring-core/5.0.6.RELEASE/984a52455b1be596b7f1a29f62d21d2f483eb764/spring-core-5.0.6.RELEASE.jar
7f48dced9000-7f48dcede000 r--s 00040000 08:02 28579817                   /home/gustavo/.gradle/caches/modules-2/files-2.1/org.springframework/spring-expression/5.0.6.RELEASE/dec57ae5e6f0dfd4c6cfc199aa13ed268c3e1a65/spring-expression-5.0.6.RELEASE.jar
7f48dcede000-7f48dceea000 r--s 00096000 08:02 28579816                   /home/gustavo/.gradle/caches/modules-2/files-2.1/org.springframework/spring-beans/5.0.6.RELEASE/d609b83cd8a71650a70778cf8d02c9a05b9161fe/spring-beans-5.0.6.RELEASE.jar
7f48dceea000-7f48dcf01000 r--s 000f0000 08:02 28579815                   /home/gustavo/.gradle/caches/modules-2/files-2.1/org.springframework.data/spring-data-commons/2.0.7.RELEASE/7faa0fb2ffa50a5c50ad9f10118095ae24d5c6e1/spring-data-commons-2.0.7.RELEASE.jar
7f48dcf01000-7f48dcf09000 r--s 00037000 08:02 28579814                   /home/gustavo/.gradle/caches/modules-2/files-2.1/org.springframework/spring-tx/5.0.6.RELEASE/1b6ffc44f2d59507a0fce1084fcc21788b13904/spring-tx-5.0.6.RELEASE.jar
7f48dcf09000-7f48dcf12000 r--s 00059000 08:02 28579813                   /home/gustavo/.gradle/caches/modules-2/files-2.1/org.springframework/spring-jdbc/5.0.6.RELEASE/7d4de1ee9b042774e09ceb88393e5a564e342729/spring-jdbc-5.0.6.RELEASE.jar
7f48dcf12000-7f48dcf13000 ---p 00000000 00:00 0 
7f48dcf13000-7f48dd013000 rw-p 00000000 00:00 0 
7f48dd013000-7f48dd016000 ---p 00000000 00:00 0 
7f48dd016000-7f48dd114000 rw-p 00000000 00:00 0 
7f48dd114000-7f48dd115000 ---p 00000000 00:00 0 
7f48dd115000-7f48dd118000 ---p 00000000 00:00 0 
7f48dd118000-7f48dd215000 rw-p 00000000 00:00 0 
7f48dd215000-7f48dd216000 ---p 00000000 00:00 0 
7f48dd216000-7f48dd219000 ---p 00000000 00:00 0 
7f48dd219000-7f48dd316000 rw-p 00000000 00:00 0 
7f48dd316000-7f48dd317000 ---p 00000000 00:00 0 
7f48dd317000-7f48dd31a000 ---p 00000000 00:00 0 
7f48dd31a000-7f48dd417000 rw-p 00000000 00:00 0 
7f48dd417000-7f48dd418000 ---p 00000000 00:00 0 
7f48dd418000-7f48dd41b000 ---p 00000000 00:00 0 
7f48dd41b000-7f48dd518000 rw-p 00000000 00:00 0 
7f48dd518000-7f48dd51b000 ---p 00000000 00:00 0 
7f48dd51b000-7f48dd619000 rw-p 00000000 00:00 0 
7f48dd619000-7f48ddfe8000 r--p 00000000 08:02 27531887                   /usr/lib/locale/locale-archive
7f48ddfe8000-7f48ddfeb000 ---p 00000000 00:00 0 
7f48ddfeb000-7f48de0e9000 rw-p 00000000 00:00 0 
7f48de0e9000-7f48de0ec000 ---p 00000000 00:00 0 
7f48de0ec000-7f48de1ea000 rw-p 00000000 00:00 0 
7f48de1ea000-7f48de1eb000 ---p 00000000 00:00 0 
7f48de1eb000-7f48e0000000 rw-p 00000000 00:00 0 
7f48e0000000-7f48e0021000 rw-p 00000000 00:00 0 
7f48e0021000-7f48e4000000 ---p 00000000 00:00 0 
7f48e4000000-7f48e4001000 r--s 0000c000 08:02 28579884                   /home/gustavo/.gradle/caches/modules-2/files-2.1/org.hamcrest/hamcrest-library/1.3/4785a3c21320980282f9f33d0d1264a69040538f/hamcrest-library-1.3.jar
7f48e4001000-7f48e4003000 r--s 00003000 08:02 28579824                   /home/gustavo/.gradle/caches/modules-2/files-2.1/org.apache.logging.log4j/log4j-to-slf4j/2.10.0/f7e631ccf49cfc0aefa4a2a728da7d374c05bd3c/log4j-to-slf4j-2.10.0.jar
7f48e4003000-7f48e4007000 r--s 0002b000 08:02 28579811                   /home/gustavo/.gradle/caches/modules-2/files-2.1/org.springframework/spring-orm/5.0.6.RELEASE/7a08073597b79dfcd4db1cffa924f2b991a14a20/spring-orm-5.0.6.RELEASE.jar
7f48e4007000-7f48e4010000 r--s 00051000 08:02 28579812                   /home/gustavo/.gradle/caches/modules-2/files-2.1/org.springframework/spring-aop/5.0.6.RELEASE/74078df698992054c1c1a8f705763a6c7b4b914c/spring-aop-5.0.6.RELEASE.jar
7f48e4010000-7f48e402a000 r--s 000f1000 08:02 28579810                   /home/gustavo/.gradle/caches/modules-2/files-2.1/org.springframework/spring-context/5.0.6.RELEASE/8b73b742ef0ddce04f0f1068f305de240b00ce0d/spring-context-5.0.6.RELEASE.jar
7f48e402a000-7f48e4044000 r--s 00119000 08:02 28579808                   /home/gustavo/.gradle/caches/modules-2/files-2.1/org.springframework/spring-web/5.0.6.RELEASE/89e89de3025165998118590613aedc6df8d64af6/spring-web-5.0.6.RELEASE.jar
7f48e4044000-7f48e4053000 r--s 000b2000 08:02 28579807                   /home/gustavo/.gradle/caches/modules-2/files-2.1/org.springframework/spring-webmvc/5.0.6.RELEASE/1361c5d1cf46665ee01de5dc1ca447c3be174c19/spring-webmvc-5.0.6.RELEASE.jar
7f48e4053000-7f48e4058000 r--s 0002e000 08:02 28579806                   /home/gustavo/.gradle/caches/modules-2/files-2.1/org.springframework.hateoas/spring-hateoas/0.24.0.RELEASE/b6401a781a58e0b2ab95242a553683e04300fe69/spring-hateoas-0.24.0.RELEASE.jar
7f48e4058000-7f48e406d000 r--s 000ce000 08:02 28579800                   /home/gustavo/.gradle/caches/modules-2/files-2.1/org.springframework.boot/spring-boot/2.0.2.RELEASE/15012cf02e9f77938244e554f0598535fdd1cb38/spring-boot-2.0.2.RELEASE.jar
7f48e406d000-7f48e408e000 r--s 000fb000 08:02 28579801                   /home/gustavo/.gradle/caches/modules-2/files-2.1/org.springframework.boot/spring-boot-autoconfigure/2.0.2.RELEASE/f4b25e753e4955337a138d8b1550236b5efe5b3b/spring-boot-autoconfigure-2.0.2.RELEASE.jar
7f48e408e000-7f48e8000000 rw-p 00000000 00:00 0 
7f48e8000000-7f48e8021000 rw-p 00000000 00:00 0 
7f48e8021000-7f48ec000000 ---p 00000000 00:00 0 
7f48ec000000-7f48ec001000 r--s 00000000 08:02 28579877                   /home/gustavo/.gradle/caches/modules-2/files-2.1/org.springframework.boot/spring-boot-starter-test/2.0.2.RELEASE/d9e090412f318586e0f277e24740b79b58ef190b/spring-boot-starter-test-2.0.2.RELEASE.jar
7f48ec001000-7f48ec003000 r--s 0000a000 08:02 28579821                   /home/gustavo/.gradle/caches/modules-2/files-2.1/org.springframework/spring-aspects/5.0.6.RELEASE/45a7631a64eb82625067587b9796d4418d9e0568/spring-aspects-5.0.6.RELEASE.jar
7f48ec003000-7f48ec01e000 r--s 001d7000 08:02 28579798                   /home/gustavo/.gradle/caches/modules-2/files-2.1/org.liquibase/liquibase-core/3.5.5/c65051f327382018bd09c30380f25eac96f210da/liquibase-core-3.5.5.jar
7f48ec01e000-7f48ec031000 r--s 00135000 08:02 28579796                   /home/gustavo/.gradle/caches/modules-2/files-2.1/com.fasterxml.jackson.core/jackson-databind/2.9.5/3490508379d065fe3fcb80042b62f630f7588606/jackson-databind-2.9.5.jar
7f48ec031000-7f48ec54a000 rw-p 00000000 00:00 0 
7f48ec54a000-7f48ec724000 r--s 03d68000 08:02 27656921                   /usr/lib/jvm/java-8-oracle/jre/lib/rt.jar
7f48ec724000-7f48ecafb000 rw-p 00000000 00:00 0 
7f48ecafb000-7f48ecafc000 ---p 00000000 00:00 0 
7f48ecafc000-7f48ecbfc000 rw-p 00000000 00:00 0 
7f48ecbfc000-7f48ecbfd000 ---p 00000000 00:00 0 
7f48ecbfd000-7f48eccfd000 rw-p 00000000 00:00 0 
7f48eccfd000-7f48eccfe000 ---p 00000000 00:00 0 
7f48eccfe000-7f48ecdfe000 rw-p 00000000 00:00 0 
7f48ecdfe000-7f48ecdff000 ---p 00000000 00:00 0 
7f48ecdff000-7f48eceff000 rw-p 00000000 00:00 0 
7f48eceff000-7f48ecf00000 ---p 00000000 00:00 0 
7f48ecf00000-7f48ed000000 rw-p 00000000 00:00 0 
7f48ed000000-7f48edfb0000 rwxp 00000000 00:00 0 
7f48edfb0000-7f48fc000000 ---p 00000000 00:00 0 
7f48fc000000-7f48fd249000 rw-p 00000000 00:00 0 
7f48fd249000-7f4900000000 ---p 00000000 00:00 0 
7f4900000000-7f4900007000 r--s 0004b000 08:02 28579803                   /home/gustavo/.gradle/caches/modules-2/files-2.1/org.springframework.data/spring-data-jpa/2.0.7.RELEASE/9f201f3d3435a9e5422e0edcff3475c46215ffb/spring-data-jpa-2.0.7.RELEASE.jar
7f4900007000-7f49000bf000 rw-p 00000000 00:00 0 
7f49000bf000-7f49000c0000 ---p 00000000 00:00 0 
7f49000c0000-7f49001c0000 rw-p 00000000 00:00 0 
7f49001c0000-7f49001c1000 ---p 00000000 00:00 0 
7f49001c1000-7f49002c1000 rw-p 00000000 00:00 0 
7f49002c1000-7f49002c2000 ---p 00000000 00:00 0 
7f49002c2000-7f49003e7000 rw-p 00000000 00:00 0 
7f49003e7000-7f4900652000 ---p 00000000 00:00 0 
7f4900652000-7f4900677000 rw-p 00000000 00:00 0 
7f4900677000-7f49008e1000 ---p 00000000 00:00 0 
7f49008e1000-7f490095e000 rw-p 00000000 00:00 0 
7f490095e000-7f4900a29000 ---p 00000000 00:00 0 
7f4900a29000-7f4900a69000 rw-p 00000000 00:00 0 
7f4900a69000-7f4900dea000 ---p 00000000 00:00 0 
7f4900dea000-7f4900e05000 r-xp 00000000 08:02 28054522                   /usr/lib/jvm/java-8-oracle/jre/lib/amd64/libzip.so
7f4900e05000-7f4901005000 ---p 0001b000 08:02 28054522                   /usr/lib/jvm/java-8-oracle/jre/lib/amd64/libzip.so
7f4901005000-7f4901006000 rw-p 0001b000 08:02 28054522                   /usr/lib/jvm/java-8-oracle/jre/lib/amd64/libzip.so
7f4901006000-7f4901011000 r-xp 00000000 08:02 25825973                   /lib/x86_64-linux-gnu/libnss_files-2.27.so
7f4901011000-7f4901210000 ---p 0000b000 08:02 25825973                   /lib/x86_64-linux-gnu/libnss_files-2.27.so
7f4901210000-7f4901211000 r--p 0000a000 08:02 25825973                   /lib/x86_64-linux-gnu/libnss_files-2.27.so
7f4901211000-7f4901212000 rw-p 0000b000 08:02 25825973                   /lib/x86_64-linux-gnu/libnss_files-2.27.so
7f4901212000-7f4901218000 rw-p 00000000 00:00 0 
7f4901218000-7f490122f000 r-xp 00000000 08:02 25825967                   /lib/x86_64-linux-gnu/libnsl-2.27.so
7f490122f000-7f490142e000 ---p 00017000 08:02 25825967                   /lib/x86_64-linux-gnu/libnsl-2.27.so
7f490142e000-7f490142f000 r--p 00016000 08:02 25825967                   /lib/x86_64-linux-gnu/libnsl-2.27.so
7f490142f000-7f4901430000 rw-p 00017000 08:02 25825967                   /lib/x86_64-linux-gnu/libnsl-2.27.so
7f4901430000-7f4901432000 rw-p 00000000 00:00 0 
7f4901432000-7f490143d000 r-xp 00000000 08:02 25825984                   /lib/x86_64-linux-gnu/libnss_nis-2.27.so
7f490143d000-7f490163c000 ---p 0000b000 08:02 25825984                   /lib/x86_64-linux-gnu/libnss_nis-2.27.so
7f490163c000-7f490163d000 r--p 0000a000 08:02 25825984                   /lib/x86_64-linux-gnu/libnss_nis-2.27.so
7f490163d000-7f490163e000 rw-p 0000b000 08:02 25825984                   /lib/x86_64-linux-gnu/libnss_nis-2.27.so
7f490163e000-7f4901646000 r-xp 00000000 08:02 25825969                   /lib/x86_64-linux-gnu/libnss_compat-2.27.so
7f4901646000-7f4901846000 ---p 00008000 08:02 25825969                   /lib/x86_64-linux-gnu/libnss_compat-2.27.so
7f4901846000-7f4901847000 r--p 00008000 08:02 25825969                   /lib/x86_64-linux-gnu/libnss_compat-2.27.so
7f4901847000-7f4901848000 rw-p 00009000 08:02 25825969                   /lib/x86_64-linux-gnu/libnss_compat-2.27.so
7f4901848000-7f4901873000 r-xp 00000000 08:02 28054516                   /usr/lib/jvm/java-8-oracle/jre/lib/amd64/libjava.so
7f4901873000-7f4901a72000 ---p 0002b000 08:02 28054516                   /usr/lib/jvm/java-8-oracle/jre/lib/amd64/libjava.so
7f4901a72000-7f4901a74000 rw-p 0002a000 08:02 28054516                   /usr/lib/jvm/java-8-oracle/jre/lib/amd64/libjava.so
7f4901a74000-7f4901a81000 r-xp 00000000 08:02 28054521                   /usr/lib/jvm/java-8-oracle/jre/lib/amd64/libverify.so
7f4901a81000-7f4901c81000 ---p 0000d000 08:02 28054521                   /usr/lib/jvm/java-8-oracle/jre/lib/amd64/libverify.so
7f4901c81000-7f4901c83000 rw-p 0000d000 08:02 28054521                   /usr/lib/jvm/java-8-oracle/jre/lib/amd64/libverify.so
7f4901c83000-7f4901c8a000 r-xp 00000000 08:02 25826024                   /lib/x86_64-linux-gnu/librt-2.27.so
7f4901c8a000-7f4901e89000 ---p 00007000 08:02 25826024                   /lib/x86_64-linux-gnu/librt-2.27.so
7f4901e89000-7f4901e8a000 r--p 00006000 08:02 25826024                   /lib/x86_64-linux-gnu/librt-2.27.so
7f4901e8a000-7f4901e8b000 rw-p 00007000 08:02 25826024                   /lib/x86_64-linux-gnu/librt-2.27.so
7f4901e8b000-7f4902028000 r-xp 00000000 08:02 25825946                   /lib/x86_64-linux-gnu/libm-2.27.so
7f4902028000-7f4902227000 ---p 0019d000 08:02 25825946                   /lib/x86_64-linux-gnu/libm-2.27.so
7f4902227000-7f4902228000 r--p 0019c000 08:02 25825946                   /lib/x86_64-linux-gnu/libm-2.27.so
7f4902228000-7f4902229000 rw-p 0019d000 08:02 25825946                   /lib/x86_64-linux-gnu/libm-2.27.so
7f4902229000-7f4902f02000 r-xp 00000000 08:02 28054498                   /usr/lib/jvm/java-8-oracle/jre/lib/amd64/server/libjvm.so
7f4902f02000-7f4903101000 ---p 00cd9000 08:02 28054498                   /usr/lib/jvm/java-8-oracle/jre/lib/amd64/server/libjvm.so
7f4903101000-7f49031db000 rw-p 00cd8000 08:02 28054498                   /usr/lib/jvm/java-8-oracle/jre/lib/amd64/server/libjvm.so
7f49031db000-7f4903226000 rw-p 00000000 00:00 0 
7f4903226000-7f490340d000 r-xp 00000000 08:02 25825883                   /lib/x86_64-linux-gnu/libc-2.27.so
7f490340d000-7f490360d000 ---p 001e7000 08:02 25825883                   /lib/x86_64-linux-gnu/libc-2.27.so
7f490360d000-7f4903611000 r--p 001e7000 08:02 25825883                   /lib/x86_64-linux-gnu/libc-2.27.so
7f4903611000-7f4903613000 rw-p 001eb000 08:02 25825883                   /lib/x86_64-linux-gnu/libc-2.27.so
7f4903613000-7f4903617000 rw-p 00000000 00:00 0 
7f4903617000-7f490361a000 r-xp 00000000 08:02 25825906                   /lib/x86_64-linux-gnu/libdl-2.27.so
7f490361a000-7f4903819000 ---p 00003000 08:02 25825906                   /lib/x86_64-linux-gnu/libdl-2.27.so
7f4903819000-7f490381a000 r--p 00002000 08:02 25825906                   /lib/x86_64-linux-gnu/libdl-2.27.so
7f490381a000-7f490381b000 rw-p 00003000 08:02 25825906                   /lib/x86_64-linux-gnu/libdl-2.27.so
7f490381b000-7f4903831000 r-xp 00000000 08:02 28180784                   /usr/lib/jvm/java-8-oracle/lib/amd64/jli/libjli.so
7f4903831000-7f4903a30000 ---p 00016000 08:02 28180784                   /usr/lib/jvm/java-8-oracle/lib/amd64/jli/libjli.so
7f4903a30000-7f4903a31000 rw-p 00015000 08:02 28180784                   /usr/lib/jvm/java-8-oracle/lib/amd64/jli/libjli.so
7f4903a31000-7f4903a4b000 r-xp 00000000 08:02 25826016                   /lib/x86_64-linux-gnu/libpthread-2.27.so
7f4903a4b000-7f4903c4a000 ---p 0001a000 08:02 25826016                   /lib/x86_64-linux-gnu/libpthread-2.27.so
7f4903c4a000-7f4903c4b000 r--p 00019000 08:02 25826016                   /lib/x86_64-linux-gnu/libpthread-2.27.so
7f4903c4b000-7f4903c4c000 rw-p 0001a000 08:02 25826016                   /lib/x86_64-linux-gnu/libpthread-2.27.so
7f4903c4c000-7f4903c50000 rw-p 00000000 00:00 0 
7f4903c50000-7f4903c77000 r-xp 00000000 08:02 25825855                   /lib/x86_64-linux-gnu/ld-2.27.so
7f4903c77000-7f4903c79000 r--s 00006000 08:02 28579820                   /home/gustavo/.gradle/caches/modules-2/files-2.1/javax.transaction/javax.transaction-api/1.2/d81aff979d603edd90dcd8db2abc1f4ce6479e3e/javax.transaction-api-1.2.jar
7f4903c79000-7f4903c7a000 r--s 00004000 08:02 28579809                   /home/gustavo/.gradle/caches/modules-2/files-2.1/org.springframework.plugin/spring-plugin-core/1.2.0.RELEASE/f380e7760032e7d929184f8ad8a33716b75c0657/spring-plugin-core-1.2.0.RELEASE.jar
7f4903c7a000-7f4903c7c000 r--s 00005000 08:02 28579805                   /home/gustavo/.gradle/caches/modules-2/files-2.1/javax.annotation/javax.annotation-api/1.3.2/934c04d3cfef185a8008e7bf34331b79730a9d43/javax.annotation-api-1.3.2.jar
7f4903c7c000-7f4903c7d000 r--s 00000000 08:02 28579804                   /home/gustavo/.gradle/caches/modules-2/files-2.1/org.springframework.boot/spring-boot-starter-tomcat/2.0.2.RELEASE/cedbfb18762e1c220007c768bfc5b773f5b30f8a/spring-boot-starter-tomcat-2.0.2.RELEASE.jar
7f4903c7d000-7f4903c81000 r--s 0004b000 08:02 28579795                   /home/gustavo/.gradle/caches/modules-2/files-2.1/com.fasterxml.jackson.core/jackson-core/2.9.5/a22ac51016944b06fd9ffbc9541c6e7ce5eea117/jackson-core-2.9.5.jar
7f4903c81000-7f4903c83000 r--s 00001000 08:02 28579794                   /home/gustavo/.gradle/caches/modules-2/files-2.1/com.fasterxml.jackson.module/jackson-module-parameter-names/2.9.5/f824c60751ffb7bfc3a0d30dfe0e42317d8e67f5/jackson-module-parameter-names-2.9.5.jar
7f4903c83000-7f4903c86000 r--s 00016000 08:02 28579793                   /home/gustavo/.gradle/caches/modules-2/files-2.1/com.fasterxml.jackson.datatype/jackson-datatype-jsr310/2.9.5/d1f0d11e816bc04e222a261106ca138801841c2d/jackson-datatype-jsr310-2.9.5.jar
7f4903c86000-7f4903c88000 r--s 00007000 08:02 28579792                   /home/gustavo/.gradle/caches/modules-2/files-2.1/com.fasterxml.jackson.datatype/jackson-datatype-jdk8/2.9.5/23e37f085279ba316c0df923513b81609e1d1f6/jackson-datatype-jdk8-2.9.5.jar
7f4903c88000-7f4903c8d000 r--s 0001d000 08:02 28579791                   /home/gustavo/.gradle/caches/modules-2/files-2.1/org.springframework.data/spring-data-rest-core/3.0.7.RELEASE/dd56b4f427987e1d5ab320eee6c3401e32557bb2/spring-data-rest-core-3.0.7.RELEASE.jar
7f4903c8d000-7f4903d58000 rw-p 00000000 00:00 0 
7f4903d58000-7f4903d59000 ---p 00000000 00:00 0 
7f4903d59000-7f4903d5c000 ---p 00000000 00:00 0 
7f4903d5c000-7f4903e5d000 rw-p 00000000 00:00 0 
7f4903e5d000-7f4903e5e000 r--s 00000000 08:02 28579802                   /home/gustavo/.gradle/caches/modules-2/files-2.1/org.springframework.boot/spring-boot-starter-logging/2.0.2.RELEASE/b56d7d1931792d6e58dbd41f956912359ba85238/spring-boot-starter-logging-2.0.2.RELEASE.jar
7f4903e5e000-7f4903e66000 r--s 0004b000 08:02 28579790                   /home/gustavo/.gradle/caches/modules-2/files-2.1/org.springframework.data/spring-data-rest-webmvc/3.0.7.RELEASE/684949215006f844591c6a8632356f483752fca0/spring-data-rest-webmvc-3.0.7.RELEASE.jar
7f4903e66000-7f4903e67000 r--s 00000000 08:02 28579787                   /home/gustavo/.gradle/caches/modules-2/files-2.1/org.springframework.boot/spring-boot-starter/2.0.2.RELEASE/1cda94f0dfcf2b065191782a54b84d2abf96391/spring-boot-starter-2.0.2.RELEASE.jar
7f4903e67000-7f4903e68000 r--s 00000000 08:02 28579788                   /home/gustavo/.gradle/caches/modules-2/files-2.1/org.springframework.boot/spring-boot-starter-json/2.0.2.RELEASE/5edda979838ced5314b8f58a958fe9d6b4b3badd/spring-boot-starter-json-2.0.2.RELEASE.jar
7f4903e68000-7f4903e69000 r--s 00000000 08:02 28579786                   /home/gustavo/.gradle/caches/modules-2/files-2.1/org.springframework.boot/spring-boot-starter-jdbc/2.0.2.RELEASE/f93c2459a06061f889b837d1c2503055df024778/spring-boot-starter-jdbc-2.0.2.RELEASE.jar
7f4903e69000-7f4903e6a000 r--s 00000000 08:02 28579783                   /home/gustavo/.gradle/caches/modules-2/files-2.1/org.springframework.boot/spring-boot-starter-aop/2.0.2.RELEASE/b0b0c7dcfdffaef1b04886c0279772905bc7e9d2/spring-boot-starter-aop-2.0.2.RELEASE.jar
7f4903e6a000-7f4903e6b000 r--s 00000000 08:02 28579784                   /home/gustavo/.gradle/caches/modules-2/files-2.1/org.springframework.boot/spring-boot-starter-web/2.0.2.RELEASE/b6ef0cf4d0a7c6c7e93ff524b84cd1d8f87f67d9/spring-boot-starter-web-2.0.2.RELEASE.jar
7f4903e6b000-7f4903e6c000 r--s 00000000 08:02 28579789                   /home/gustavo/.gradle/caches/modules-2/files-2.1/org.springframework.boot/spring-boot-starter-data-rest/2.0.2.RELEASE/1617ded563edcb560034293532d74a6c61132eea/spring-boot-starter-data-rest-2.0.2.RELEASE.jar
7f4903e6c000-7f4903e6d000 r--s 00000000 08:02 28579785                   /home/gustavo/.gradle/caches/modules-2/files-2.1/org.springframework.boot/spring-boot-starter-data-jpa/2.0.2.RELEASE/a277d15c247684aaef38852a2e71b8b1ef7357e6/spring-boot-starter-data-jpa-2.0.2.RELEASE.jar
7f4903e6d000-7f4903e75000 rw-s 00000000 08:02 28579692                   /tmp/hsperfdata_gustavo/12631
7f4903e75000-7f4903e76000 rw-p 00000000 00:00 0 
7f4903e76000-7f4903e77000 ---p 00000000 00:00 0 
7f4903e77000-7f4903e78000 r--p 00027000 08:02 25825855                   /lib/x86_64-linux-gnu/ld-2.27.so
7f4903e78000-7f4903e79000 rw-p 00028000 08:02 25825855                   /lib/x86_64-linux-gnu/ld-2.27.so
7f4903e79000-7f4903e7a000 rw-p 00000000 00:00 0 
7ffe38283000-7ffe382a8000 rw-p 00000000 00:00 0                          [stack]
7ffe38359000-7ffe3835c000 r--p 00000000 00:00 0                          [vvar]
7ffe3835c000-7ffe3835e000 r-xp 00000000 00:00 0                          [vdso]
ffffffffff600000-ffffffffff601000 r-xp 00000000 00:00 0                  [vsyscall]

VM Arguments:
jvm_args: -ea -Dfile.encoding=UTF-8 
java_command: org.eclipse.jdt.internal.junit.runner.RemoteTestRunner -version 3 -port 35299 -testLoaderClass org.eclipse.jdt.internal.junit4.runner.JUnit4TestLoader -loaderpluginname org.eclipse.jdt.junit4.runtime -classNames com.crossover.techtrial.service.HourlyElectricityServiceTest
java_class_path (initial): /home/gustavo/Downloads/cross-solar-java/bin/main:/home/gustavo/Downloads/cross-solar-java/bin/test:/home/gustavo/.gradle/caches/modules-2/files-2.1/org.springframework.boot/spring-boot-starter-data-jpa/2.0.2.RELEASE/a277d15c247684aaef38852a2e71b8b1ef7357e6/spring-boot-starter-data-jpa-2.0.2.RELEASE.jar:/home/gustavo/.gradle/caches/modules-2/files-2.1/org.springframework.boot/spring-boot-starter-data-rest/2.0.2.RELEASE/1617ded563edcb560034293532d74a6c61132eea/spring-boot-starter-data-rest-2.0.2.RELEASE.jar:/home/gustavo/.gradle/caches/modules-2/files-2.1/org.springframework.boot/spring-boot-starter-web/2.0.2.RELEASE/b6ef0cf4d0a7c6c7e93ff524b84cd1d8f87f67d9/spring-boot-starter-web-2.0.2.RELEASE.jar:/home/gustavo/.gradle/caches/modules-2/files-2.1/org.springframework.boot/spring-boot-starter-aop/2.0.2.RELEASE/b0b0c7dcfdffaef1b04886c0279772905bc7e9d2/spring-boot-starter-aop-2.0.2.RELEASE.jar:/home/gustavo/.gradle/caches/modules-2/files-2.1/org.springframework.boot/spring-boot-starter-jdbc/2.0.2.RELEASE/f93c2459a06061f889b837d1c2503055df024778/spring-boot-starter-jdbc-2.0.2.RELEASE.jar:/home/gustavo/.gradle/caches/modules-2/files-2.1/org.springframework.boot/spring-boot-starter-json/2.0.2.RELEASE/5edda979838ced5314b8f58a958fe9d6b4b3badd/spring-boot-starter-json-2.0.2.RELEASE.jar:/home/gustavo/.gradle/caches/modules-2/files-2.1/org.springframework.boot/spring-boot-starter/2.0.2.RELEASE/1cda94f0dfcf2b065191782a54b84d2abf96391/spring-boot-starter-2.0.2.RELEASE.jar:/home/gustavo/.gradle/caches/modules-2/files-2.1/org.springframework.data/spring-data-rest-webmvc/3.0.7.RELEASE/684949215006f844591c6a8632356f483752fca0/spring-data-rest-webmvc-3.0.7.RELEASE.jar:/home/gustavo/.gradle/caches/modules-2/files-2.1/org.springframework.data/spring-data-rest-core/3.0.7.RELEASE/dd56b4f427987e1d5ab320eee6c3401e32557bb2/spring-data-rest-core-3.0.7.RELEASE.jar:/home/gustavo/.gradle/caches/modules-2/files-2.1/com.fasterxml.jackson.datatype/jackson-datatype-jdk8/2
Launcher Type: SUN_STANDARD

Environment Variables:
JAVA_HOME=/usr/lib/jvm/java-8-oracle
PATH=/usr/local/sbin:/usr/local/bin:/usr/sbin:/usr/bin:/sbin:/bin:/usr/games:/usr/local/games:/snap/bin:/usr/lib/jvm/java-8-oracle/bin:/usr/lib/jvm/java-8-oracle/db/bin:/usr/lib/jvm/java-8-oracle/jre/bin
USERNAME=gustavo
SHELL=/bin/bash
DISPLAY=:0

Signal Handlers:
SIGSEGV: [libjvm.so+0xad0890], sa_mask[0]=11111111011111111101111111111110, sa_flags=SA_RESTART|SA_SIGINFO
SIGBUS: [libjvm.so+0xad0890], sa_mask[0]=11111111011111111101111111111110, sa_flags=SA_RESTART|SA_SIGINFO
SIGFPE: [libjvm.so+0x928640], sa_mask[0]=11111111011111111101111111111110, sa_flags=SA_RESTART|SA_SIGINFO
SIGPIPE: [libjvm.so+0x928640], sa_mask[0]=11111111011111111101111111111110, sa_flags=SA_RESTART|SA_SIGINFO
SIGXFSZ: [libjvm.so+0x928640], sa_mask[0]=11111111011111111101111111111110, sa_flags=SA_RESTART|SA_SIGINFO
SIGILL: [libjvm.so+0x928640], sa_mask[0]=11111111011111111101111111111110, sa_flags=SA_RESTART|SA_SIGINFO
SIGUSR1: SIG_DFL, sa_mask[0]=00000000000000000000000000000000, sa_flags=none
SIGUSR2: [libjvm.so+0x929ea0], sa_mask[0]=00100000000000000000000000000000, sa_flags=SA_RESTART|SA_SIGINFO
SIGHUP: [libjvm.so+0x92b2a0], sa_mask[0]=11111111011111111101111111111110, sa_flags=SA_RESTART|SA_SIGINFO
SIGINT: [libjvm.so+0x92b2a0], sa_mask[0]=11111111011111111101111111111110, sa_flags=SA_RESTART|SA_SIGINFO
SIGTERM: [libjvm.so+0x92b2a0], sa_mask[0]=11111111011111111101111111111110, sa_flags=SA_RESTART|SA_SIGINFO
SIGQUIT: [libjvm.so+0x92b2a0], sa_mask[0]=11111111011111111101111111111110, sa_flags=SA_RESTART|SA_SIGINFO


---------------  S Y S T E M  ---------------

OS:DISTRIB_ID=Ubuntu
DISTRIB_RELEASE=18.04
DISTRIB_CODENAME=bionic
DISTRIB_DESCRIPTION="Ubuntu 18.04 LTS"

uname:Linux 4.15.0-22-generic #24-Ubuntu SMP Wed May 16 12:15:17 UTC 2018 x86_64
libc:glibc 2.27 NPTL 2.27 
rlimit: STACK 8192k, CORE 0k, NPROC 30760, NOFILE 4096, AS infinity
load average:20,37 5,78 3,26

/proc/meminfo:
MemTotal:        8048244 kB
MemFree:          121500 kB
MemAvailable:      30060 kB
Buffers:            1760 kB
Cached:           447580 kB
SwapCached:         2408 kB
Active:          6429368 kB
Inactive:         964932 kB
Active(anon):    6421944 kB
Inactive(anon):   952400 kB
Active(file):       7424 kB
Inactive(file):    12532 kB
Unevictable:        1544 kB
Mlocked:            1544 kB
SwapTotal:       2097148 kB
SwapFree:              0 kB
Dirty:                12 kB
Writeback:             0 kB
AnonPages:       6945384 kB
Mapped:           108852 kB
Shmem:            429008 kB
Slab:             238036 kB
SReclaimable:      74928 kB
SUnreclaim:       163108 kB
KernelStack:       31200 kB
PageTables:       135368 kB
NFS_Unstable:          0 kB
Bounce:                0 kB
WritebackTmp:          0 kB
CommitLimit:     6121268 kB
Committed_AS:   24556760 kB
VmallocTotal:   34359738367 kB
VmallocUsed:           0 kB
VmallocChunk:          0 kB
HardwareCorrupted:     0 kB
AnonHugePages:         0 kB
ShmemHugePages:        0 kB
ShmemPmdMapped:        0 kB
CmaTotal:              0 kB
CmaFree:               0 kB
HugePages_Total:       0
HugePages_Free:        0
HugePages_Rsvd:        0
HugePages_Surp:        0
Hugepagesize:       2048 kB
DirectMap4k:      343500 kB
DirectMap2M:     7925760 kB
DirectMap1G:     1048576 kB


CPU:total 8 (initial active 8) (4 cores per cpu, 2 threads per core) family 6 model 142 stepping 10, cmov, cx8, fxsr, mmx, sse, sse2, sse3, ssse3, sse4.1, sse4.2, popcnt, avx, avx2, aes, clmul, erms, 3dnowpref, lzcnt, ht, tsc, tscinvbit, bmi1, bmi2, adx

/proc/cpuinfo:
processor	: 0
vendor_id	: GenuineIntel
cpu family	: 6
model		: 142
model name	: Intel(R) Core(TM) i5-8250U CPU @ 1.60GHz
stepping	: 10
microcode	: 0x66
cpu MHz		: 3094.924
cache size	: 6144 KB
physical id	: 0
siblings	: 8
core id		: 0
cpu cores	: 4
apicid		: 0
initial apicid	: 0
fpu		: yes
fpu_exception	: yes
cpuid level	: 22
wp		: yes
flags		: fpu vme de pse tsc msr pae mce cx8 apic sep mtrr pge mca cmov pat pse36 clflush dts acpi mmx fxsr sse sse2 ss ht tm pbe syscall nx pdpe1gb rdtscp lm constant_tsc art arch_perfmon pebs bts rep_good nopl xtopology nonstop_tsc cpuid aperfmperf tsc_known_freq pni pclmulqdq dtes64 monitor ds_cpl vmx est tm2 ssse3 sdbg fma cx16 xtpr pdcm pcid sse4_1 sse4_2 x2apic movbe popcnt tsc_deadline_timer aes xsave avx f16c rdrand lahf_lm abm 3dnowprefetch cpuid_fault epb invpcid_single pti tpr_shadow vnmi flexpriority ept vpid fsgsbase tsc_adjust bmi1 avx2 smep bmi2 erms invpcid mpx rdseed adx smap clflushopt intel_pt xsaveopt xsavec xgetbv1 xsaves dtherm ida arat pln pts hwp hwp_notify hwp_act_window hwp_epp
bugs		: cpu_meltdown spectre_v1 spectre_v2 spec_store_bypass
bogomips	: 3600.00
clflush size	: 64
cache_alignment	: 64
address sizes	: 39 bits physical, 48 bits virtual
power management:

processor	: 1
vendor_id	: GenuineIntel
cpu family	: 6
model		: 142
model name	: Intel(R) Core(TM) i5-8250U CPU @ 1.60GHz
stepping	: 10
microcode	: 0x66
cpu MHz		: 3093.436
cache size	: 6144 KB
physical id	: 0
siblings	: 8
core id		: 1
cpu cores	: 4
apicid		: 2
initial apicid	: 2
fpu		: yes
fpu_exception	: yes
cpuid level	: 22
wp		: yes
flags		: fpu vme de pse tsc msr pae mce cx8 apic sep mtrr pge mca cmov pat pse36 clflush dts acpi mmx fxsr sse sse2 ss ht tm pbe syscall nx pdpe1gb rdtscp lm constant_tsc art arch_perfmon pebs bts rep_good nopl xtopology nonstop_tsc cpuid aperfmperf tsc_known_freq pni pclmulqdq dtes64 monitor ds_cpl vmx est tm2 ssse3 sdbg fma cx16 xtpr pdcm pcid sse4_1 sse4_2 x2apic movbe popcnt tsc_deadline_timer aes xsave avx f16c rdrand lahf_lm abm 3dnowprefetch cpuid_fault epb invpcid_single pti tpr_shadow vnmi flexpriority ept vpid fsgsbase tsc_adjust bmi1 avx2 smep bmi2 erms invpcid mpx rdseed adx smap clflushopt intel_pt xsaveopt xsavec xgetbv1 xsaves dtherm ida arat pln pts hwp hwp_notify hwp_act_window hwp_epp
bugs		: cpu_meltdown spectre_v1 spectre_v2 spec_store_bypass
bogomips	: 3600.00
clflush size	: 64
cache_alignment	: 64
address sizes	: 39 bits physical, 48 bits virtual
power management:

processor	: 2
vendor_id	: GenuineIntel
cpu family	: 6
model		: 142
model name	: Intel(R) Core(TM) i5-8250U CPU @ 1.60GHz
stepping	: 10
microcode	: 0x66
cpu MHz		: 3100.044
cache size	: 6144 KB
physical id	: 0
siblings	: 8
core id		: 2
cpu cores	: 4
apicid		: 4
initial apicid	: 4
fpu		: yes
fpu_exception	: yes
cpuid level	: 22
wp		: yes
flags		: fpu vme de pse tsc msr pae mce cx8 apic sep mtrr pge mca cmov pat pse36 clflush dts acpi mmx fxsr sse sse2 ss ht tm pbe syscall nx pdpe1gb rdtscp lm constant_tsc art arch_perfmon pebs bts rep_good nopl xtopology nonstop_tsc cpuid aperfmperf tsc_known_freq pni pclmulqdq dtes64 monitor ds_cpl vmx est tm2 ssse3 sdbg fma cx16 xtpr pdcm pcid sse4_1 sse4_2 x2apic movbe popcnt tsc_deadline_timer aes xsave avx f16c rdrand lahf_lm abm 3dnowprefetch cpuid_fault epb invpcid_single pti tpr_shadow vnmi flexpriority ept vpid fsgsbase tsc_adjust bmi1 avx2 smep bmi2 erms invpcid mpx rdseed adx smap clflushopt intel_pt xsaveopt xsavec xgetbv1 xsaves dtherm ida arat pln pts hwp hwp_notify hwp_act_window hwp_epp
bugs		: cpu_meltdown spectre_v1 spectre_v2 spec_store_bypass
bogomips	: 3600.00
clflush size	: 64
cache_alignment	: 64
address sizes	: 39 bits physical, 48 bits virtual
power management:

processor	: 3
vendor_id	: GenuineIntel
cpu family	: 6
model		: 142
model name	: Intel(R) Core(TM) i5-8250U CPU @ 1.60GHz
stepping	: 10
microcode	: 0x66
cpu MHz		: 3096.323
cache size	: 6144 KB
physical id	: 0
siblings	: 8
core id		: 3
cpu cores	: 4
apicid		: 6
initial apicid	: 6
fpu		: yes
fpu_exception	: yes
cpuid level	: 22
wp		: yes
flags		: fpu vme de pse tsc msr pae mce cx8 apic sep mtrr pge mca cmov pat pse36 clflush dts acpi mmx fxsr sse sse2 ss ht tm pbe syscall nx pdpe1gb rdtscp lm constant_tsc art arch_perfmon pebs bts rep_good nopl xtopology nonstop_tsc cpuid aperfmperf tsc_known_freq pni pclmulqdq dtes64 monitor ds_cpl vmx est tm2 ssse3 sdbg fma cx16 xtpr pdcm pcid sse4_1 sse4_2 x2apic movbe popcnt tsc_deadline_timer aes xsave avx f16c rdrand lahf_lm abm 3dnowprefetch cpuid_fault epb invpcid_single pti tpr_shadow vnmi flexpriority ept vpid fsgsbase tsc_adjust bmi1 avx2 smep bmi2 erms invpcid mpx rdseed adx smap clflushopt intel_pt xsaveopt xsavec xgetbv1 xsaves dtherm ida arat pln pts hwp hwp_notify hwp_act_window hwp_epp
bugs		: cpu_meltdown spectre_v1 spectre_v2 spec_store_bypass
bogomips	: 3600.00
clflush size	: 64
cache_alignment	: 64
address sizes	: 39 bits physical, 48 bits virtual
power management:

processor	: 4
vendor_id	: GenuineIntel
cpu family	: 6
model		: 142
model name	: Intel(R) Core(TM) i5-8250U CPU @ 1.60GHz
stepping	: 10
microcode	: 0x66
cpu MHz		: 3099.926
cache size	: 6144 KB
physical id	: 0
siblings	: 8
core id		: 0
cpu cores	: 4
apicid		: 1
initial apicid	: 1
fpu		: yes
fpu_exception	: yes
cpuid level	: 22
wp		: yes
flags		: fpu vme de pse tsc msr pae mce cx8 apic sep mtrr pge mca cmov pat pse36 clflush dts acpi mmx fxsr sse sse2 ss ht tm pbe syscall nx pdpe1gb rdtscp lm constant_tsc art arch_perfmon pebs bts rep_good nopl xtopology nonstop_tsc cpuid aperfmperf tsc_known_freq pni pclmulqdq dtes64 monitor ds_cpl vmx est tm2 ssse3 sdbg fma cx16 xtpr pdcm pcid sse4_1 sse4_2 x2apic movbe popcnt tsc_deadline_timer aes xsave avx f16c rdrand lahf_lm abm 3dnowprefetch cpuid_fault epb invpcid_single pti tpr_shadow vnmi flexpriority ept vpid fsgsbase tsc_adjust bmi1 avx2 smep bmi2 erms invpcid mpx rdseed adx smap clflushopt intel_pt xsaveopt xsavec xgetbv1 xsaves dtherm ida arat pln pts hwp hwp_notify hwp_act_window hwp_epp
bugs		: cpu_meltdown spectre_v1 spectre_v2 spec_store_bypass
bogomips	: 3600.00
clflush size	: 64
cache_alignment	: 64
address sizes	: 39 bits physical, 48 bits virtual
power management:

processor	: 5
vendor_id	: GenuineIntel
cpu family	: 6
model		: 142
model name	: Intel(R) Core(TM) i5-8250U CPU @ 1.60GHz
stepping	: 10
microcode	: 0x66
cpu MHz		: 3100.033
cache size	: 6144 KB
physical id	: 0
siblings	: 8
core id		: 1
cpu cores	: 4
apicid		: 3
initial apicid	: 3
fpu		: yes
fpu_exception	: yes
cpuid level	: 22
wp		: yes
flags		: fpu vme de pse tsc msr pae mce cx8 apic sep mtrr pge mca cmov pat pse36 clflush dts acpi mmx fxsr sse sse2 ss ht tm pbe syscall nx pdpe1gb rdtscp lm constant_tsc art arch_perfmon pebs bts rep_good nopl xtopology nonstop_tsc cpuid aperfmperf tsc_known_freq pni pclmulqdq dtes64 monitor ds_cpl vmx est tm2 ssse3 sdbg fma cx16 xtpr pdcm pcid sse4_1 sse4_2 x2apic movbe popcnt tsc_deadline_timer aes xsave avx f16c rdrand lahf_lm abm 3dnowprefetch cpuid_fault epb invpcid_single pti tpr_shadow vnmi flexpriority ept vpid fsgsbase tsc_adjust bmi1 avx2 smep bmi2 erms invpcid mpx rdseed adx smap clflushopt intel_pt xsaveopt xsavec xgetbv1 xsaves dtherm ida arat pln pts hwp hwp_notify hwp_act_window hwp_epp
bugs		: cpu_meltdown spectre_v1 spectre_v2 spec_store_bypass
bogomips	: 3600.00
clflush size	: 64
cache_alignment	: 64
address sizes	: 39 bits physical, 48 bits virtual
power management:

processor	: 6
vendor_id	: GenuineIntel
cpu family	: 6
model		: 142
model name	: Intel(R) Core(TM) i5-8250U CPU @ 1.60GHz
stepping	: 10
microcode	: 0x66
cpu MHz		: 3097.370
cache size	: 6144 KB
physical id	: 0
siblings	: 8
core id		: 2
cpu cores	: 4
apicid		: 5
initial apicid	: 5
fpu		: yes
fpu_exception	: yes
cpuid level	: 22
wp		: yes
flags		: fpu vme de pse tsc msr pae mce cx8 apic sep mtrr pge mca cmov pat pse36 clflush dts acpi mmx fxsr sse sse2 ss ht tm pbe syscall nx pdpe1gb rdtscp lm constant_tsc art arch_perfmon pebs bts rep_good nopl xtopology nonstop_tsc cpuid aperfmperf tsc_known_freq pni pclmulqdq dtes64 monitor ds_cpl vmx est tm2 ssse3 sdbg fma cx16 xtpr pdcm pcid sse4_1 sse4_2 x2apic movbe popcnt tsc_deadline_timer aes xsave avx f16c rdrand lahf_lm abm 3dnowprefetch cpuid_fault epb invpcid_single pti tpr_shadow vnmi flexpriority ept vpid fsgsbase tsc_adjust bmi1 avx2 smep bmi2 erms invpcid mpx rdseed adx smap clflushopt intel_pt xsaveopt xsavec xgetbv1 xsaves dtherm ida arat pln pts hwp hwp_notify hwp_act_window hwp_epp
bugs		: cpu_meltdown spectre_v1 spectre_v2 spec_store_bypass
bogomips	: 3600.00
clflush size	: 64
cache_alignment	: 64
address sizes	: 39 bits physical, 48 bits virtual
power management:

processor	: 7
vendor_id	: GenuineIntel
cpu family	: 6
model		: 142
model name	: Intel(R) Core(TM) i5-8250U CPU @ 1.60GHz
stepping	: 10
microcode	: 0x66
cpu MHz		: 3096.752
cache size	: 6144 KB
physical id	: 0
siblings	: 8
core id		: 3
cpu cores	: 4
apicid		: 7
initial apicid	: 7
fpu		: yes
fpu_exception	: yes
cpuid level	: 22
wp		: yes
flags		: fpu vme de pse tsc msr pae mce cx8 apic sep mtrr pge mca cmov pat pse36 clflush dts acpi mmx fxsr sse sse2 ss ht tm pbe syscall nx pdpe1gb rdtscp lm constant_tsc art arch_perfmon pebs bts rep_good nopl xtopology nonstop_tsc cpuid aperfmperf tsc_known_freq pni pclmulqdq dtes64 monitor ds_cpl vmx est tm2 ssse3 sdbg fma cx16 xtpr pdcm pcid sse4_1 sse4_2 x2apic movbe popcnt tsc_deadline_timer aes xsave avx f16c rdrand lahf_lm abm 3dnowprefetch cpuid_fault epb invpcid_single pti tpr_shadow vnmi flexpriority ept vpid fsgsbase tsc_adjust bmi1 avx2 smep bmi2 erms invpcid mpx rdseed adx smap clflushopt intel_pt xsaveopt xsavec xgetbv1 xsaves dtherm ida arat pln pts hwp hwp_notify hwp_act_window hwp_epp
bugs		: cpu_meltdown spectre_v1 spectre_v2 spec_store_bypass
bogomips	: 3600.00
clflush size	: 64
cache_alignment	: 64
address sizes	: 39 bits physical, 48 bits virtual
power management:



Memory: 4k page, physical 8048244k(118348k free), swap 2097148k(0k free)

vm_info: Java HotSpot(TM) 64-Bit Server VM (25.171-b11) for linux-amd64 JRE (1.8.0_171-b11), built on Mar 28 2018 17:07:08 by "java_re" with gcc 4.3.0 20080428 (Red Hat 4.3.0-8)

time: Fri Jun  8 16:52:20 2018
elapsed time: 29 seconds (0d 0h 0m 29s)

